2022-11-18 09:40:05 [백엔드 맛보기] info : hello
2022-11-18 09:41:05 [백엔드 맛보기] info : hello
2022-11-18 09:41:05 [백엔드 맛보기] info : hello
2022-11-18 09:42:05 [백엔드 맛보기] info : hello
2022-11-18 09:43:05 [백엔드 맛보기] info : hello
2022-11-18 09:43:05 [백엔드 맛보기] info : hello
2022-11-18 09:43:05 [백엔드 맛보기] info : hello
2022-11-18 09:45:05 [백엔드 맛보기] info : hello
2022-11-18 09:45:05 [백엔드 맛보기] info : hello
2022-11-18 09:46:05 [백엔드 맛보기] info : hello
2022-11-18 09:48:05 [백엔드 맛보기] info : hello
2022-11-18 09:50:05 [백엔드 맛보기] info : hello
2022-11-18 09:50:05 [백엔드 맛보기] info : 서버 가동
2022-11-18 09:50:05 [백엔드 맛보기] info : hello
2022-11-18 09:50:05 [백엔드 맛보기] info : 4000 포트 서버 가동
2022-11-18 09:51:05 [백엔드 맛보기] info : 4000 포트 서버 가동
2022-11-18 09:55:05 [백엔드 맛보기] info : 4000 포트 서버 가동
2022-11-18 09:56:05 [백엔드 맛보기] info : 4000 포트 서버 가동
2022-11-18 09:56:05 [백엔드 맛보기] info : 4000 포트 서버 가동
2022-11-18 10:49:05 [백엔드 맛보기] info : 4000 포트 서버 가동
2022-11-18 10:50:05 [백엔드 맛보기] info : 4000 포트 서버 가동
2022-11-18 10:50:05 [백엔드 맛보기] info : 4000 포트 서버 가동
2022-11-18 10:50:05 [백엔드 맛보기] info : 4000 포트 서버 가동
2022-11-18 10:51:05 [백엔드 맛보기] info : GET /login 200 "로그인 화면으로 이동
2022-11-18 10:51:05 [백엔드 맛보기] info : GET /register 200 "회원가입 화면으로 이동
2022-11-18 10:52:05 [백엔드 맛보기] info : 4000 포트 서버 가동
2022-11-18 10:52:05 [백엔드 맛보기] info : 4000 포트 서버 가동
2022-11-18 10:52:05 [백엔드 맛보기] info : POST /login 200 Response: "success: false, msg: TypeError: Cannot destructure property 'id' of '(intermediate value)' as it is undefined.
2022-11-18 10:54:05 [백엔드 맛보기] info : 4000 포트 서버 가동
2022-11-18 10:54:05 [백엔드 맛보기] info : 4000 포트 서버 가동
2022-11-18 10:54:05 [백엔드 맛보기] info : POST /login 200 Response: "success: false, msg: TypeError: Cannot destructure property 'id' of '(intermediate value)' as it is undefined.
2022-11-18 10:54:05 [백엔드 맛보기] info : GET /login 200 "로그인 화면으로 이동
2022-11-18 10:54:05 [백엔드 맛보기] info : GET /login 200 "로그인 화면으로 이동
2022-11-18 10:54:05 [백엔드 맛보기] info : POST /login 200 Response: "success: false, msg: 비밀번호가 틀렸습니다.
2022-11-18 10:54:05 [백엔드 맛보기] info : POST /login 200 Response: "success: true, msg: undefined
2022-11-18 10:54:05 [백엔드 맛보기] info : GET /ok 200 "회원가입 성공 화면으로 이동
2022-11-18 10:55:05 [백엔드 맛보기] info : 4000 포트 서버 가동
2022-11-18 10:59:05 [백엔드 맛보기] info : 4000 포트 서버 가동
2022-11-18 10:59:05 [백엔드 맛보기] info : POST /login 200 Response: "success: false, msg: 비밀번호가 틀렸습니다.
2022-11-18 10:59:05 [백엔드 맛보기] info : POST /login 200 Response: "success: false, msg: 비밀번호가 틀렸습니다.
2022-11-18 11:00:05 [백엔드 맛보기] info : GET /register 200 "회원가입 화면으로 이동
2022-11-18 11:00:05 [백엔드 맛보기] info : POST /register 200 Response: "success: true, msg: undefined
2022-11-18 11:00:05 [백엔드 맛보기] info : GET /login 200 "로그인 화면으로 이동
2022-11-18 11:00:05 [백엔드 맛보기] info : GET /register 200 "회원가입 화면으로 이동
2022-11-18 11:00:05 [백엔드 맛보기] info : 4000 포트 서버 가동
2022-11-18 11:03:05 [백엔드 맛보기] info : 4000 포트 서버 가동
2022-11-18 11:03:05 [백엔드 맛보기] info : 4000 포트 서버 가동
2022-11-18 11:04:05 [백엔드 맛보기] info : 4000 포트 서버 가동
2022-11-18 11:04:05 [백엔드 맛보기] info : GET /register 200 "회원가입 화면으로 이동
2022-11-18 11:04:05 [백엔드 맛보기] info : ::1 - - [18/Nov/2022:02:04:38 +0000] "GET /register HTTP/1.1" 304 -

2022-11-18 11:04:05 [백엔드 맛보기] info : ::1 - - [18/Nov/2022:02:04:38 +0000] "GET /css/home/register.css HTTP/1.1" 304 -

2022-11-18 11:04:05 [백엔드 맛보기] info : ::1 - - [18/Nov/2022:02:04:38 +0000] "GET /js/home/register.js HTTP/1.1" 200 1370

2022-11-18 11:05:05 [백엔드 맛보기] info : 4000 포트 서버 가동
2022-11-18 11:05:05 [백엔드 맛보기] info : GET /register 200 "회원가입 화면으로 이동
2022-11-18 11:05:05 [백엔드 맛보기] info : GET /register 304 - - 7.759 ms

2022-11-18 11:05:05 [백엔드 맛보기] info : GET /css/home/register.css 304 - - 1.222 ms

2022-11-18 11:05:05 [백엔드 맛보기] info : GET /js/home/register.js 304 - - 0.728 ms
2022-11-18 11:06:05 [백엔드 맛보기] info : 4000 포트 서버 가동
2022-11-18 11:06:05 [백엔드 맛보기] info : 4000 포트 서버 가동
2022-11-18 13:16:05 [백엔드 맛보기] info : GET / 200 "홈 화면으로 이동
2022-11-18 13:16:05 [백엔드 맛보기] info : GET /login 200 "로그인 화면으로 이동
2022-11-18 13:16:05 [백엔드 맛보기] info : POST /login 200 Response: "success: true, msg: undefined
2022-11-18 13:16:05 [백엔드 맛보기] info : GET /ok 200 "회원가입 성공 화면으로 이동
2022-11-18 13:16:05 [백엔드 맛보기] info : GET /ok 200 "회원가입 성공 화면으로 이동
2022-11-18 13:16:05 [백엔드 맛보기] info : GET /ok 200 "회원가입 성공 화면으로 이동
2022-11-18 13:16:05 [백엔드 맛보기] info : GET /login 200 "로그인 화면으로 이동
2022-11-18 13:18:05 [백엔드 맛보기] info : 4000 포트 서버 가동
2022-11-18 13:24:05 [백엔드 맛보기] info : 4000 포트 서버 가동
2022-11-18 15:30:05 [백엔드 맛보기] info : 4000 포트 서버 가동
