[0mGET /register [36m304[0m 6.608 ms - -[0m
[0mGET /css/home/register.css [36m304[0m 1.059 ms - -[0m
[0mGET /js/home/register.js [36m304[0m 0.712 ms - -[0m
GET /register 304 - - 6.917 ms
GET /css/home/register.css 304 - - 1.201 ms
GET /js/home/register.js 304 - - 0.454 ms
::1 - - [17/Nov/2022:08:18:38 +0000] "GET /login HTTP/1.1" 304 -
::1 - - [17/Nov/2022:08:18:38 +0000] "GET /css/home/login.css HTTP/1.1" 304 -
::1 - - [17/Nov/2022:08:18:38 +0000] "GET /js/home/login.js HTTP/1.1" 304 -
::1 - - [17/Nov/2022:08:18:41 +0000] "POST /login HTTP/1.1" 200 16
::1 - - [17/Nov/2022:08:18:41 +0000] "GET /ok HTTP/1.1" 304 -
::1 - - [18/Nov/2022:00:51:39 +0000] "GET / HTTP/1.1" 200 322
::1 - - [18/Nov/2022:00:51:39 +0000] "GET /favicon.ico HTTP/1.1" 404 150
::1 - - [18/Nov/2022:00:51:43 +0000] "GET /login HTTP/1.1" 200 1147
::1 - - [18/Nov/2022:00:51:43 +0000] "GET /css/home/login.css HTTP/1.1" 304 -
::1 - - [18/Nov/2022:00:51:43 +0000] "GET /js/home/login.js HTTP/1.1" 304 -
::1 - - [18/Nov/2022:00:55:46 +0000] "GET /register HTTP/1.1" 304 -
::1 - - [18/Nov/2022:00:55:46 +0000] "GET /css/home/register.css HTTP/1.1" 304 -
::1 - - [18/Nov/2022:00:55:46 +0000] "GET /js/home/register.js HTTP/1.1" 304 -
::1 - - [18/Nov/2022:00:55:48 +0000] "GET /login HTTP/1.1" 304 -
::1 - - [18/Nov/2022:00:55:48 +0000] "GET /css/home/login.css HTTP/1.1" 304 -
::1 - - [18/Nov/2022:00:55:48 +0000] "GET /js/home/login.js HTTP/1.1" 304 -
::1 - - [18/Nov/2022:00:55:53 +0000] "GET / HTTP/1.1" 304 -
::1 - - [18/Nov/2022:00:55:57 +0000] "GET /login HTTP/1.1" 304 -
::1 - - [18/Nov/2022:00:55:57 +0000] "GET /css/home/login.css HTTP/1.1" 304 -
::1 - - [18/Nov/2022:00:55:57 +0000] "GET /js/home/login.js HTTP/1.1" 304 -
::1 - - [18/Nov/2022:00:56:28 +0000] "GET /login HTTP/1.1" 304 -
::1 - - [18/Nov/2022:00:56:28 +0000] "GET /css/home/login.css HTTP/1.1" 304 -
::1 - - [18/Nov/2022:00:56:28 +0000] "GET /js/home/login.js HTTP/1.1" 304 -
::1 - - [18/Nov/2022:00:56:40 +0000] "GET /login HTTP/1.1" 304 -
::1 - - [18/Nov/2022:00:56:40 +0000] "GET /css/home/login.css HTTP/1.1" 304 -
::1 - - [18/Nov/2022:00:56:40 +0000] "GET /js/home/login.js HTTP/1.1" 304 -
::1 - - [18/Nov/2022:01:48:47 +0000] "POST /login HTTP/1.1" 200 26
::1 - - [18/Nov/2022:01:51:02 +0000] "GET /login HTTP/1.1" 200 1147
::1 - - [18/Nov/2022:01:51:02 +0000] "GET /css/home/login.css HTTP/1.1" 304 -
::1 - - [18/Nov/2022:01:51:02 +0000] "GET /js/home/login.js HTTP/1.1" 304 -
::1 - - [18/Nov/2022:01:51:05 +0000] "POST /login HTTP/1.1" 200 26
::1 - - [18/Nov/2022:01:51:07 +0000] "GET /register HTTP/1.1" 304 -
::1 - - [18/Nov/2022:01:51:07 +0000] "GET /css/home/register.css HTTP/1.1" 304 -
::1 - - [18/Nov/2022:01:51:07 +0000] "GET /js/home/register.js HTTP/1.1" 304 -
::1 - - [18/Nov/2022:01:52:46 +0000] "POST /login HTTP/1.1" 200 26
::1 - - [18/Nov/2022:01:54:26 +0000] "POST /login HTTP/1.1" 200 26
::1 - - [18/Nov/2022:01:54:28 +0000] "GET /login HTTP/1.1" 200 1147
::1 - - [18/Nov/2022:01:54:28 +0000] "GET /css/home/login.css HTTP/1.1" 304 -
::1 - - [18/Nov/2022:01:54:28 +0000] "GET /js/home/login.js HTTP/1.1" 200 971
::1 - - [18/Nov/2022:01:54:33 +0000] "GET /login HTTP/1.1" 304 -
::1 - - [18/Nov/2022:01:54:33 +0000] "GET /css/home/login.css HTTP/1.1" 304 -
::1 - - [18/Nov/2022:01:54:33 +0000] "GET /js/home/login.js HTTP/1.1" 304 -
::1 - - [18/Nov/2022:01:54:51 +0000] "POST /login HTTP/1.1" 200 58
::1 - - [18/Nov/2022:01:54:55 +0000] "POST /login HTTP/1.1" 200 16
::1 - - [18/Nov/2022:01:54:55 +0000] "GET /ok HTTP/1.1" 304 -
::1 - - [18/Nov/2022:01:59:11 +0000] "POST /login HTTP/1.1" 200 58
::1 - - [18/Nov/2022:01:59:15 +0000] "POST /login HTTP/1.1" 200 58
::1 - - [18/Nov/2022:02:00:02 +0000] "GET /register HTTP/1.1" 304 -
::1 - - [18/Nov/2022:02:00:02 +0000] "GET /css/home/register.css HTTP/1.1" 304 -
::1 - - [18/Nov/2022:02:00:02 +0000] "GET /js/home/register.js HTTP/1.1" 304 -
::1 - - [18/Nov/2022:02:00:06 +0000] "POST /register HTTP/1.1" 200 16
::1 - - [18/Nov/2022:02:00:06 +0000] "GET /login HTTP/1.1" 200 1147
::1 - - [18/Nov/2022:02:00:06 +0000] "GET /css/home/login.css HTTP/1.1" 304 -
::1 - - [18/Nov/2022:02:00:06 +0000] "GET /js/home/login.js HTTP/1.1" 200 1010
::1 - - [18/Nov/2022:02:00:11 +0000] "GET /register HTTP/1.1" 200 965
::1 - - [18/Nov/2022:02:00:11 +0000] "GET /css/home/register.css HTTP/1.1" 304 -
::1 - - [18/Nov/2022:02:00:11 +0000] "GET /js/home/register.js HTTP/1.1" 304 -
